[02-Mar-2025 03:00:22 UTC] Updating stock price for: GOOG
[02-Mar-2025 03:00:22 UTC] PHP Deprecated:  Creation of dynamic property rabbitMQClient::$auto_delete is deprecated in /home/website/IT490-Project/rabbitMQLib.inc on line 165
[02-Mar-2025 03:00:22 UTC] Fetching stock data from API: https://yahoo-finance15.p.rapidapi.com/api/v1/markets/stock/quotes?ticker=GOOG
[02-Mar-2025 03:00:25 UTC] Sending stock update request to RabbitMQ...
[02-Mar-2025 03:00:25 UTC] PHP Deprecated:  Method AMQPQueue::declare() is deprecated in /home/website/IT490-Project/rabbitMQLib.inc on line 215
[02-Mar-2025 03:00:25 UTC] PHP Deprecated:  Creation of dynamic property rabbitMQClient::$conn_queue is deprecated in /home/website/IT490-Project/rabbitMQLib.inc on line 218
[02-Mar-2025 03:01:41 UTC] Updating stock price for: MSFT
[02-Mar-2025 03:01:41 UTC] PHP Deprecated:  Creation of dynamic property rabbitMQClient::$auto_delete is deprecated in /home/website/IT490-Project/rabbitMQLib.inc on line 165
[02-Mar-2025 03:01:41 UTC] Fetching stock data from API: https://yahoo-finance15.p.rapidapi.com/api/v1/markets/stock/quotes?ticker=MSFT
[02-Mar-2025 03:01:41 UTC] Sending stock update request to RabbitMQ...
[02-Mar-2025 03:01:41 UTC] PHP Deprecated:  Method AMQPQueue::declare() is deprecated in /home/website/IT490-Project/rabbitMQLib.inc on line 215
[02-Mar-2025 03:01:41 UTC] PHP Deprecated:  Creation of dynamic property rabbitMQClient::$conn_queue is deprecated in /home/website/IT490-Project/rabbitMQLib.inc on line 218
[02-Mar-2025 03:07:35 UTC] Updating stock price for: AMZN
[02-Mar-2025 03:07:35 UTC] PHP Deprecated:  Creation of dynamic property rabbitMQClient::$auto_delete is deprecated in /home/website/IT490-Project/rabbitMQLib.inc on line 165
[02-Mar-2025 03:07:35 UTC] Fetching stock data from API: https://yahoo-finance15.p.rapidapi.com/api/v1/markets/stock/quotes?ticker=AMZN
[02-Mar-2025 03:07:37 UTC] Sending stock update request to RabbitMQ...
[02-Mar-2025 03:07:37 UTC] PHP Deprecated:  Method AMQPQueue::declare() is deprecated in /home/website/IT490-Project/rabbitMQLib.inc on line 215
[02-Mar-2025 03:07:37 UTC] PHP Deprecated:  Creation of dynamic property rabbitMQClient::$conn_queue is deprecated in /home/website/IT490-Project/rabbitMQLib.inc on line 218
[02-Mar-2025 03:17:39 UTC] Updating stock price for: AMZN
[02-Mar-2025 03:17:39 UTC] PHP Deprecated:  Creation of dynamic property rabbitMQClient::$auto_delete is deprecated in /home/website/IT490-Project/rabbitMQLib.inc on line 165
[02-Mar-2025 03:17:39 UTC] Fetching stock data from API: https://yahoo-finance15.p.rapidapi.com/api/v1/markets/stock/quotes?ticker=AMZN
[02-Mar-2025 03:17:41 UTC] Sending stock update request to RabbitMQ...
[02-Mar-2025 03:17:41 UTC] PHP Deprecated:  Method AMQPQueue::declare() is deprecated in /home/website/IT490-Project/rabbitMQLib.inc on line 215
[02-Mar-2025 03:17:41 UTC] PHP Deprecated:  Creation of dynamic property rabbitMQClient::$conn_queue is deprecated in /home/website/IT490-Project/rabbitMQLib.inc on line 218
[02-Mar-2025 03:48:33 UTC] Updating stock price for: GOOG
[02-Mar-2025 03:48:33 UTC] PHP Deprecated:  Creation of dynamic property rabbitMQClient::$auto_delete is deprecated in /home/website/IT490-Project/rabbitMQLib.inc on line 165
[02-Mar-2025 03:48:33 UTC] Fetching stock data from API: https://yahoo-finance15.p.rapidapi.com/api/v1/markets/stock/quotes?ticker=GOOG
[02-Mar-2025 03:48:34 UTC] Sending stock update request to RabbitMQ...
[02-Mar-2025 03:48:34 UTC] PHP Deprecated:  Method AMQPQueue::declare() is deprecated in /home/website/IT490-Project/rabbitMQLib.inc on line 215
[02-Mar-2025 03:48:34 UTC] PHP Deprecated:  Creation of dynamic property rabbitMQClient::$conn_queue is deprecated in /home/website/IT490-Project/rabbitMQLib.inc on line 218
[02-Mar-2025 03:50:56 UTC] Updating stock price for: INTC
[02-Mar-2025 03:50:56 UTC] PHP Deprecated:  Creation of dynamic property rabbitMQClient::$auto_delete is deprecated in /home/website/IT490-Project/rabbitMQLib.inc on line 165
[02-Mar-2025 03:50:56 UTC] Fetching stock data from API: https://yahoo-finance15.p.rapidapi.com/api/v1/markets/stock/quotes?ticker=INTC
[02-Mar-2025 03:50:57 UTC] Sending stock update request to RabbitMQ...
[02-Mar-2025 03:50:57 UTC] PHP Deprecated:  Method AMQPQueue::declare() is deprecated in /home/website/IT490-Project/rabbitMQLib.inc on line 215
[02-Mar-2025 03:50:57 UTC] PHP Deprecated:  Creation of dynamic property rabbitMQClient::$conn_queue is deprecated in /home/website/IT490-Project/rabbitMQLib.inc on line 218
[02-Mar-2025 03:56:16 UTC] Updating stock price for: GOOG
[02-Mar-2025 03:56:16 UTC] PHP Deprecated:  Creation of dynamic property rabbitMQClient::$auto_delete is deprecated in /home/website/IT490-Project/rabbitMQLib.inc on line 165
[02-Mar-2025 03:56:16 UTC] Fetching stock data from API: https://yahoo-finance15.p.rapidapi.com/api/v1/markets/stock/quotes?ticker=GOOG
[02-Mar-2025 03:56:17 UTC] Sending stock update request to RabbitMQ...
[02-Mar-2025 03:56:17 UTC] PHP Deprecated:  Method AMQPQueue::declare() is deprecated in /home/website/IT490-Project/rabbitMQLib.inc on line 215
[02-Mar-2025 03:56:17 UTC] PHP Deprecated:  Creation of dynamic property rabbitMQClient::$conn_queue is deprecated in /home/website/IT490-Project/rabbitMQLib.inc on line 218
[02-Mar-2025 04:00:55 UTC] Updating stock price for: GOOG
[02-Mar-2025 04:00:55 UTC] PHP Deprecated:  Creation of dynamic property rabbitMQClient::$auto_delete is deprecated in /home/website/IT490-Project/rabbitMQLib.inc on line 165
[02-Mar-2025 04:00:55 UTC] Fetching stock data from API: https://yahoo-finance15.p.rapidapi.com/api/v1/markets/stock/quotes?ticker=GOOG
[02-Mar-2025 04:00:56 UTC] Sending stock update request to RabbitMQ...
[02-Mar-2025 04:00:56 UTC] PHP Deprecated:  Method AMQPQueue::declare() is deprecated in /home/website/IT490-Project/rabbitMQLib.inc on line 215
[02-Mar-2025 04:00:56 UTC] PHP Deprecated:  Creation of dynamic property rabbitMQClient::$conn_queue is deprecated in /home/website/IT490-Project/rabbitMQLib.inc on line 218
[02-Mar-2025 04:23:44 UTC] Updating stock price for: GOOG
[02-Mar-2025 04:23:44 UTC] PHP Deprecated:  Creation of dynamic property rabbitMQClient::$auto_delete is deprecated in /home/website/IT490-Project/rabbitMQLib.inc on line 165
[02-Mar-2025 04:23:44 UTC] Fetching stock data from API: https://yahoo-finance15.p.rapidapi.com/api/v1/markets/stock/quotes?ticker=GOOG
[02-Mar-2025 04:23:45 UTC] Sending stock update request to RabbitMQ...
[02-Mar-2025 04:23:45 UTC] PHP Deprecated:  Method AMQPQueue::declare() is deprecated in /home/website/IT490-Project/rabbitMQLib.inc on line 215
[02-Mar-2025 04:23:45 UTC] PHP Deprecated:  Creation of dynamic property rabbitMQClient::$conn_queue is deprecated in /home/website/IT490-Project/rabbitMQLib.inc on line 218
[02-Mar-2025 04:27:37 UTC] Updating stock price for: GOOG
[02-Mar-2025 04:27:37 UTC] PHP Deprecated:  Creation of dynamic property rabbitMQClient::$auto_delete is deprecated in /home/website/IT490-Project/rabbitMQLib.inc on line 165
[02-Mar-2025 04:27:37 UTC] Fetching stock data from API: https://yahoo-finance15.p.rapidapi.com/api/v1/markets/stock/quotes?ticker=GOOG
[02-Mar-2025 04:27:38 UTC] Sending stock update request to RabbitMQ...
[02-Mar-2025 04:27:38 UTC] PHP Deprecated:  Method AMQPQueue::declare() is deprecated in /home/website/IT490-Project/rabbitMQLib.inc on line 215
[02-Mar-2025 04:27:38 UTC] PHP Deprecated:  Creation of dynamic property rabbitMQClient::$conn_queue is deprecated in /home/website/IT490-Project/rabbitMQLib.inc on line 218
